[2026-03-31 20:57:59] [info] Start Program:
Path:"C:/git/nudge/build/Debug/nudge_tests.exe"
Arguments:
Working directory: not set.
Modules: Selected: * Excluded: 
Sources: Selected: src\bvh.c Excluded: 
Log Level: Normal
Cover Children: 0
Aggregate by file: 1
Continue after C++ exception: 0
Optimized build support: 0
Export: cobertura coverage.xml 
Input coverage: 
Unified diff: 
Excluded line regular expressions: 
Substitute pdb source paths: 
[2026-03-31 20:57:59] [info] Module: C:\git\nudge\build\Debug\nudge_tests.exe is selected because it matches selected pattern: *
[2026-03-31 20:57:59] [info] Module: C:\Windows\System32\ntdll.dll is selected because it matches selected pattern: *
[2026-03-31 20:57:59] [info] Module: C:\Windows\System32\kernel32.dll is selected because it matches selected pattern: *
[2026-03-31 20:57:59] [info] Module: C:\Windows\System32\KernelBase.dll is selected because it matches selected pattern: *
[2026-03-31 20:57:59] [info] Module: C:\Windows\System32\vcruntime140d.dll is selected because it matches selected pattern: *
[2026-03-31 20:57:59] [info] Module: C:\Windows\System32\ucrtbased.dll is selected because it matches selected pattern: *
[2026-03-31 20:58:00] [info] Module: C:\Windows\System32\kernel.appcore.dll is selected because it matches selected pattern: *
[2026-03-31 20:58:00] [info] Module: C:\Windows\System32\msvcrt.dll is selected because it matches selected pattern: *
[2026-03-31 20:58:00] [info] ----------------------------------------------------
[2026-03-31 20:58:00] [info] Cobertura report generated: coverage.xml
[2026-03-31 20:58:00] [info] ----------------------------------------------------
[2026-03-31 20:58:00] [info] The code coverage report is not what you expect? See the FAQ https://github.com/OpenCppCoverage/OpenCppCoverage/wiki/FAQ.
